--2021-10-12 13:34:29--  https://download.teamviewer.com/download/linux/teamviewer_amd64.deb                                                                
Resolving download.teamviewer.com (download.teamviewer.com)... 104.16.62.16, 104.16.63.16, 2606:4700::6810:3f10, ...                                        
Connecting to download.teamviewer.com (download.teamviewer.com)|104.16.62.16|:443... connected.                                                             
HTTP request sent, awaiting response... 302 Found                                                                                                           
Location: https://dl.teamviewer.com/download/linux/version_15x/teamviewer_15.22.3_amd64.deb [following]                                                     
--2021-10-12 13:34:29--  https://dl.teamviewer.com/download/linux/version_15x/teamviewer_15.22.3_amd64.deb                                                  
Resolving dl.teamviewer.com (dl.teamviewer.com)... 104.16.62.16, 104.16.63.16, 2606:4700::6810:3f10, ...                                                    
Connecting to dl.teamviewer.com (dl.teamviewer.com)|104.16.62.16|:443... connected.                                                                         
HTTP request sent, awaiting response... 200 OK                                                                                                              
Length: 66948440 (64M) [application/octet-stream]                                                                                                           
Saving to: ‘teamviewer_amd64.deb’                                                                                                                           
                                                                                                                                                            
teamviewer_amd64.deb                   100%[============================================================================>]  63.85M  11.3MB/s    in 5.7s     
                                                                                                                                                            
2021-10-12 13:34:36 (11.3 MB/s) - ‘teamviewer_amd64.deb’ saved [66948440/66948440]                                                                          
                                                                                                                                                            
4+1 records in                                                                                                                                              
4+1 records out                                                                                                                                             
2256 bytes (2.3 kB, 2.2 KiB) copied, 0.484603 s, 4.7 kB/s                                                                                                   
13+1 records in                                                                                                                                             
13+1 records out                                                                                                                                            
6874 bytes (6.9 kB, 6.7 KiB) copied, 1.70949 s, 4.0 kB/s                                                                                                    
--2021-10-12 13:34:38--  https://protonmail.com/download/protonmail-bridge_1.8.9-1_amd64.deb                                                                
Resolving protonmail.com (protonmail.com)... 185.70.42.12                                                                                                   
Connecting to protonmail.com (protonmail.com)|185.70.42.12|:443... connected.                                                                               
HTTP request sent, awaiting response... 404 Not Found                                                                                                       
2021-10-12 13:34:39 ERROR 404: Not Found.


--2021-10-12 13:34:39--  https://discordapp.com/api/download?platform=linux&format=deb                                                                      
Resolving discordapp.com (discordapp.com)... 162.159.129.233, 162.159.134.233, 162.159.130.233, ...                                                         
Connecting to discordapp.com (discordapp.com)|162.159.129.233|:443... connected.                                                                            
ERROR: The certificate of ‘discordapp.com’ is not trusted.                                                                                                  
ERROR: The certificate of ‘discordapp.com’ doesn't have a known issuer.                                                                                     
--2021-10-12 13:34:39--  https://downloads.slack-edge.com/linux_releases/slack-desktop-4.13.0-amd64.deb
Resolving downloads.slack-edge.com (downloads.slack-edge.com)... 13.227.66.90, 13.227.66.12, 13.227.66.106, ...
Connecting to downloads.slack-edge.com (downloads.slack-edge.com)|13.227.66.90|:443... connected.
HTTP request sent, awaiting response... 200 OK
Length: 57716072 (55M) [application/octet-stream]
Saving to: ‘slack-desktop.deb’

slack-desktop.deb                      100%[============================================================================>]  55.04M  9.14MB/s    in 7.4s    

2021-10-12 13:34:47 (7.46 MB/s) - ‘slack-desktop.deb’ saved [57716072/57716072]

--2021-10-12 13:34:47--  https://zoom.us/client/latest/zoom_amd64.deb
Resolving zoom.us (zoom.us)... 18.205.93.255
Connecting to zoom.us (zoom.us)|18.205.93.255|:443... connected.
HTTP request sent, awaiting response... 302 
Location: https://cdn.zoom.us/prod/5.8.0.16/zoom_amd64.deb [following]
--2021-10-12 13:34:48--  https://cdn.zoom.us/prod/5.8.0.16/zoom_amd64.deb
Resolving cdn.zoom.us (cdn.zoom.us)... 13.227.22.250
Connecting to cdn.zoom.us (cdn.zoom.us)|13.227.22.250|:443... connected.
HTTP request sent, awaiting response... 200 OK
Length: 55783248 (53M) [binary/octet-stream]
Saving to: ‘zoom_amd64.deb’

zoom_amd64.deb                         100%[============================================================================>]  53.20M  9.81MB/s    in 5.2s    

2021-10-12 13:34:53 (10.3 MB/s) - ‘zoom_amd64.deb’ saved [55783248/55783248]


--2021-10-12 13:34:53--  https://github.com/jgraph/drawio-desktop/releases/download/v15.4.0/draw.io-amd64-15.4.0.deb
Resolving github.com (github.com)... 192.30.255.112
Connecting to github.com (github.com)|192.30.255.112|:443... connected.
HTTP request sent, awaiting response... 404 Not Found
2021-10-12 13:34:53 ERROR 404: Not Found.

--2021-10-12 13:34:53--  https://dl.google.com/linux/direct/google-chrome-stable_current_amd64.deb
Resolving dl.google.com (dl.google.com)... 216.58.194.206, 2607:f8b0:4005:805::200e
Connecting to dl.google.com (dl.google.com)|216.58.194.206|:443... connected.
HTTP request sent, awaiting response... 200 OK
Length: 90229076 (86M) [application/x-debian-package]
Saving to: ‘google-chrome-stable_current_amd64.deb’

google-chrome-stable_current_amd64.deb 100%[============================================================================>]  86.05M  8.80MB/s    in 9.9s    

2021-10-12 13:35:04 (8.67 MB/s) - ‘google-chrome-stable_current_amd64.deb’ saved [90229076/90229076]


--2021-10-12 13:35:04--  https://github.com/xournalpp/xournalpp/releases/download/1.1.0/xournalpp-1.1.0-Debian-buster-x86_64.deb
Resolving github.com (github.com)... 192.30.255.112
Connecting to github.com (github.com)|192.30.255.112|:443... connected.
HTTP request sent, awaiting response... 302 Found
Location: https://github-releases.githubusercontent.com/11986447/8240eef4-287f-47d2-ab8d-7945bd29f910?X-Amz-Algorithm=AWS4-HMAC-SHA256&X-Amz-Credential=AKIA
IWNJYAX4CSVEH53A%2F20211012%2Fus-east-1%2Fs3%2Faws4_request&X-Amz-Date=20211012T203504Z&X-Amz-Expires=300&X-Amz-Signature=62c6fd5d8f01afe54b50a4f4a15e190efa
c59f16941776e21b28b8ac5f61b204&X-Amz-SignedHeaders=host&actor_id=0&key_id=0&repo_id=11986447&response-content-disposition=attachment%3B%20filename%3Dxournal
pp-1.1.0-Debian-buster-x86_64.deb&response-content-type=application%2Foctet-stream [following]
--2021-10-12 13:35:04--  https://github-releases.githubusercontent.com/11986447/8240eef4-287f-47d2-ab8d-7945bd29f910?X-Amz-Algorithm=AWS4-HMAC-SHA256&X-Amz-
Credential=AKIAIWNJYAX4CSVEH53A%2F20211012%2Fus-east-1%2Fs3%2Faws4_request&X-Amz-Date=20211012T203504Z&X-Amz-Expires=300&X-Amz-Signature=62c6fd5d8f01afe54b5
0a4f4a15e190efac59f16941776e21b28b8ac5f61b204&X-Amz-SignedHeaders=host&actor_id=0&key_id=0&repo_id=11986447&response-content-disposition=attachment%3B%20fil
ename%3Dxournalpp-1.1.0-Debian-buster-x86_64.deb&response-content-type=application%2Foctet-stream
Resolving github-releases.githubusercontent.com (github-releases.githubusercontent.com)... 185.199.111.154, 185.199.109.154, 185.199.110.154, ...
Connecting to github-releases.githubusercontent.com (github-releases.githubusercontent.com)|185.199.111.154|:443... connected.
HTTP request sent, awaiting response... 200 OK
Length: 1783182 (1.7M) [application/octet-stream]
Saving to: ‘xournalpp-1.1.0-Debian-buster-x86_64.deb’

xournalpp-1.1.0-Debian-buster-x86_64.d 100%[============================================================================>]   1.70M  --.-KB/s    in 0.1s    

2021-10-12 13:35:05 (11.6 MB/s) - ‘xournalpp-1.1.0-Debian-buster-x86_64.deb’ saved [1783182/1783182]


---> apt install codium succeeded <--------------------------------------------------------------
Reading package lists... Error!
E: read, still have 8 to read but none left
E: Internal error, could not locate member control.tar{.zst,.lz4,.gz,.xz,.bz2,.lzma,}
E: Could not read meta data from /tmp/protonmail-bridge.deb
E: The package lists or status file could not be parsed or opened.
---> apt install /tmp/protonmail-bridge.deb failed <--------------------------------------------------------------
Reading package lists... Error!
E: read, still have 8 to read but none left
E: Internal error, could not locate member control.tar{.zst,.lz4,.gz,.xz,.bz2,.lzma,}
E: Could not read meta data from /tmp/discord.deb
E: The package lists or status file could not be parsed or opened.
---> apt install /tmp/discord.deb failed <--------------------------------------------------------------
Reading package lists... Done
Building dependency tree... Done
Reading state information... Done
Note, selecting 'slack-desktop' instead of '/tmp/slack-desktop.deb'
Some packages could not be installed. This may mean that you have
requested an impossible situation or if you are using the unstable
distribution that some required packages have not yet been created
or been moved out of Incoming.
The following information may help to resolve the situation:

The following packages have unmet dependencies:
 slack-desktop : Depends: libappindicator3-1 but it is not installable
E: Unable to correct problems, you have held broken packages.
---> apt install /tmp/slack-desktop.deb failed <--------------------------------------------------------------


E: Unsupported file /tmp/draw.io-amd64-* given on commandline
---> apt install /tmp/draw.io-amd64-* failed <--------------------------------------------------------------


HEAD is now at 19ae08e Release v0.9.1                                                                                                                       
kpackagetool5 --type KWin/Script --install . || kpackagetool5 --type KWin/Script --upgrade .                                                                
Error: Installation of /home/smcpherson/Parachute failed: /home/smcpherson/.local/share/kwin/scripts/Parachute already exists                               
Upgrading package from file: /home/smcpherson/Parachute
Successfully upgraded /home/smcpherson/Parachute
mkdir -p ~/.local/share/kservices5
ln -s ~/.local/share/kwin/scripts/Parachute/metadata.desktop ~/.local/share/kservices5/Parachute.desktop



git checkout -                                                                                                                                    [153/1927]
Previous HEAD position was 19ae08e Release v0.9.1
Switched to branch 'master'
Your branch is up to date with 'origin/master'.
Cloning into 'krohnkite'...
remote: Enumerating objects: 2894, done.
remote: Counting objects: 100% (124/124), done.
remote: Compressing objects: 100% (76/76), done.
remote: Total 2894 (delta 70), reused 83 (delta 48), pack-reused 2770
Receiving objects: 100% (2894/2894), 1007.90 KiB | 4.44 MiB/s, done.
Resolving deltas: 100% (1995/1995), done.
mkdir: created directory 'pkg'
mkdir: created directory 'pkg/contents' 
mkdir: created directory 'pkg/contents/config'
'res/config.xml' -> 'pkg/contents/config/main.xml'
sed "s/\$VER/0.8/" res/metadata.desktop \
        | sed "s/\$REV/2a47753/" \
        > pkg/metadata.desktop
mkdir: created directory 'pkg/contents/ui'
'res/main.qml' -> 'pkg/contents/ui/main.qml'
'res/config.ui' -> 'pkg/contents/ui/config.ui'
'res/popup.qml' -> 'pkg/contents/ui/popup.qml'
tsc
src/driver/kwin/kwindriver.ts:227:53 - error TS2571: Object is of type 'unknown'.

227             debug(() => "Error raised from line " + e.lineNumber);
                                                        ~


Found 1 error.

make: *** [Makefile:71: krohnkite.js] Error 2


extraConfiguration/userSetupKDE.sh  ran and SUCCEEDED




